<?xml version="1.0" encoding="UTF-8"?>
<!-- Generated by org.testng.reporters.JUnitReportReporter -->
<testsuite hostname="DESKTOP-G1BT3BH" name="eCommerce.amazonHomePage" tests="1" failures="0" timestamp="3 Sep 2017 16:08:52 GMT" time="24.065" errors="0">
  <testcase name="basePageNavigation" time="24.065" classname="eCommerce.amazonHomePage"/>
</testsuite> <!-- eCommerce.amazonHomePage -->
