<?xml version="1.0" encoding="UTF-8"?>
<!-- Generated by org.testng.reporters.JUnitReportReporter -->
<testsuite hostname="DESKTOP-G1BT3BH" name="eCommerce.DataProviderExample" tests="3" failures="0" timestamp="16 Sep 2017 13:27:24 GMT" time="0.051" errors="0">
  <testcase name="setData" time="0.046" classname="eCommerce.DataProviderExample"/>
  <testcase name="setData" time="0.002" classname="eCommerce.DataProviderExample"/>
  <testcase name="setData" time="0.003" classname="eCommerce.DataProviderExample"/>
</testsuite> <!-- eCommerce.DataProviderExample -->
