<?xml version="1.0" encoding="UTF-8"?>
<!-- Generated by org.testng.reporters.JUnitReportReporter -->
<testsuite hostname="DESKTOP-G1BT3BH" name="eCommerce.amazonTest" tests="1" failures="0" timestamp="16 Sep 2017 17:57:52 GMT" time="93.302" errors="0">
  <testcase name="basePageNavigation" time="93.302" classname="eCommerce.amazonTest"/>
</testsuite> <!-- eCommerce.amazonTest -->
