<?xml version="1.0" encoding="UTF-8"?>
<!-- Generated by org.testng.reporters.JUnitReportReporter -->
<testsuite hostname="DESKTOP-G1BT3BH" name="eCommerce.HomePage" tests="1" failures="0" timestamp="3 Sep 2017 14:03:25 GMT" time="34.740" errors="0">
  <testcase name="basePageNavigation" time="34.740" classname="eCommerce.HomePage"/>
</testsuite> <!-- eCommerce.HomePage -->
