<?xml version="1.0" encoding="UTF-8"?>
<!-- Generated by org.testng.reporters.JUnitReportReporter -->
<testsuite hostname="rvarghes-WX-1" name="eCommerce.amazonTest" tests="1" failures="0" timestamp="16 Sep 2017 19:34:06 GMT" time="16.540" errors="0">
  <testcase name="basePageNavigation" time="16.540" classname="eCommerce.amazonTest"/>
</testsuite> <!-- eCommerce.amazonTest -->
